0 info it worked if it ends with ok
1 verbose cli [ 'D:\\nodeJS\\node.exe',
1 verbose cli   'C:\\Users\\YILIAN\\AppData\\Roaming\\npm\\node_modules\\npm\\bin\\npm-cli.js',
1 verbose cli   'run',
1 verbose cli   'dev' ]
2 info using npm@3.10.9
3 info using node@v8.8.1
4 verbose run-script [ 'predev', 'dev', 'postdev' ]
5 info lifecycle webpackaaa@1.0.0~predev: webpackaaa@1.0.0
6 silly lifecycle webpackaaa@1.0.0~predev: no script for predev, continuing
7 info lifecycle webpackaaa@1.0.0~dev: webpackaaa@1.0.0
8 verbose lifecycle webpackaaa@1.0.0~dev: unsafe-perm in lifecycle true
9 verbose lifecycle webpackaaa@1.0.0~dev: PATH: C:\Users\YILIAN\AppData\Roaming\npm\node_modules\npm\bin\node-gyp-bin;D:\果实o的文件\work\my-practice\03 有趣\00 前端开发框架\02 webpack\node_modules\.bin;D:\python3.5\;D:\python3.5\Scripts\;D:\pythen\;D:\pythen\Scripts;C:\windows\system32;C:\windows;C:\windows\System32\Wbem;C:\windows\System32\WindowsPowerShell\v1.0\;C:\Program Files (x86)\NVIDIA Corporation\PhysX\Common;C:\Program Files\Java\jdk1.7.0_79\bin;C:\WINDOWS\system32;C:\WINDOWS;C:\WINDOWS\System32\Wbem;C:\WINDOWS\System32\WindowsPowerShell\v1.0\;C:\Program Files\Git\bin;C:\Program Files\Git\cmd;D:\Xampp\mysql\bin;D:\SQLite;D:\mongoDB\bin;D:\svn小乌龟\bin;C:\Program Files\Java\jdk1.8.0_31\bin;D:\nodeJS\;C:\Users\YILIAN\AppData\Local\Microsoft\WindowsApps;D:\Visual Studio Code\Microsoft VS Code\bin;C:\Users\YILIAN\AppData\Roaming\npm;
10 verbose lifecycle webpackaaa@1.0.0~dev: CWD: D:\果实o的文件\work\my-practice\03 有趣\00 前端开发框架\02 webpack
11 silly lifecycle webpackaaa@1.0.0~dev: Args: [ '/d /s /c', 'webpack-dev-server --open' ]
12 silly lifecycle webpackaaa@1.0.0~dev: Returned: code: 1  signal: null
13 info lifecycle webpackaaa@1.0.0~dev: Failed to exec dev script
14 verbose stack Error: webpackaaa@1.0.0 dev: `webpack-dev-server --open`
14 verbose stack Exit status 1
14 verbose stack     at EventEmitter.<anonymous> (C:\Users\YILIAN\AppData\Roaming\npm\node_modules\npm\lib\utils\lifecycle.js:255:16)
14 verbose stack     at emitTwo (events.js:125:13)
14 verbose stack     at EventEmitter.emit (events.js:213:7)
14 verbose stack     at ChildProcess.<anonymous> (C:\Users\YILIAN\AppData\Roaming\npm\node_modules\npm\lib\utils\spawn.js:40:14)
14 verbose stack     at emitTwo (events.js:125:13)
14 verbose stack     at ChildProcess.emit (events.js:213:7)
14 verbose stack     at maybeClose (internal/child_process.js:927:16)
14 verbose stack     at Process.ChildProcess._handle.onexit (internal/child_process.js:211:5)
15 verbose pkgid webpackaaa@1.0.0
16 verbose cwd D:\果实o的文件\work\my-practice\03 有趣\00 前端开发框架\02 webpack
17 error Windows_NT 10.0.16299
18 error argv "D:\\nodeJS\\node.exe" "C:\\Users\\YILIAN\\AppData\\Roaming\\npm\\node_modules\\npm\\bin\\npm-cli.js" "run" "dev"
19 error node v8.8.1
20 error npm  v3.10.9
21 error code ELIFECYCLE
22 error webpackaaa@1.0.0 dev: `webpack-dev-server --open`
22 error Exit status 1
23 error Failed at the webpackaaa@1.0.0 dev script 'webpack-dev-server --open'.
23 error Make sure you have the latest version of node.js and npm installed.
23 error If you do, this is most likely a problem with the webpackaaa package,
23 error not with npm itself.
23 error Tell the author that this fails on your system:
23 error     webpack-dev-server --open
23 error You can get information on how to open an issue for this project with:
23 error     npm bugs webpackaaa
23 error Or if that isn't available, you can get their info via:
23 error     npm owner ls webpackaaa
23 error There is likely additional logging output above.
24 verbose exit [ 1, true ]
